2019-06-01 08:26:00,941 [Worker-1] INFO  c.g.t.t.d.PublishedGradleVersions - Gradle version information cache is up-to-date. Trying to read.
2019-06-01 08:26:27,878 [Worker-4] INFO  o.e.m.c.i.l.LifecycleMappingFactory - Using org.eclipse.m2e.jdt.JarLifecycleMapping lifecycle mapping for MavenProject: BULMA:BULMA:0.0.1-SNAPSHOT @ /home/veruska/Documentos/Mestrado/TransferTimeAnalysisCG/workspace/BULMA/pom.xml.
2019-06-01 08:26:32,228 [Worker-4] INFO  o.e.m.c.i.embedder.EclipseLogger - Using 'UTF-8' encoding to copy filtered resources.
2019-06-01 08:26:32,228 [Worker-4] INFO  o.e.m.c.i.embedder.EclipseLogger - skip non existing resourceDirectory /home/veruska/Documentos/Mestrado/TransferTimeAnalysisCG/workspace/BULMA/src/main/resources
2019-06-01 08:26:32,230 [Worker-4] INFO  o.e.m.c.i.embedder.EclipseLogger - Using 'UTF-8' encoding to copy filtered resources.
2019-06-01 08:26:32,230 [Worker-4] INFO  o.e.m.c.i.embedder.EclipseLogger - skip non existing resourceDirectory /home/veruska/Documentos/Mestrado/TransferTimeAnalysisCG/workspace/BULMA/src/test/resources
2019-06-01 08:26:33,175 [Worker-11] INFO  o.e.m.c.i.l.LifecycleMappingFactory - Using org.eclipse.m2e.jdt.JarLifecycleMapping lifecycle mapping for MavenProject: BULMA:BULMA:0.0.1-SNAPSHOT @ /home/veruska/Documentos/Mestrado/TransferTimeAnalysisCG/workspace/BULMA/pom.xml.
2019-06-01 08:26:35,149 [Worker-10] INFO  o.e.m.c.i.embedder.EclipseLogger - Using 'UTF-8' encoding to copy filtered resources.
2019-06-01 08:26:35,149 [Worker-10] INFO  o.e.m.c.i.embedder.EclipseLogger - skip non existing resourceDirectory /home/veruska/Documentos/Mestrado/TransferTimeAnalysisCG/workspace/BULMA/src/main/resources
2019-06-01 08:26:35,151 [Worker-10] INFO  o.e.m.c.i.embedder.EclipseLogger - Using 'UTF-8' encoding to copy filtered resources.
2019-06-01 08:26:35,151 [Worker-10] INFO  o.e.m.c.i.embedder.EclipseLogger - skip non existing resourceDirectory /home/veruska/Documentos/Mestrado/TransferTimeAnalysisCG/workspace/BULMA/src/test/resources
2019-06-01 08:28:31,592 [Worker-0] INFO  o.e.m.c.i.embedder.EclipseLogger - Using 'UTF-8' encoding to copy filtered resources.
2019-06-01 08:28:31,593 [Worker-0] INFO  o.e.m.c.i.embedder.EclipseLogger - skip non existing resourceDirectory /home/veruska/Documentos/Mestrado/TransferTimeAnalysisCG/workspace/BULMA/src/main/resources
2019-06-01 08:28:31,594 [Worker-0] INFO  o.e.m.c.i.embedder.EclipseLogger - Using 'UTF-8' encoding to copy filtered resources.
2019-06-01 08:28:31,594 [Worker-0] INFO  o.e.m.c.i.embedder.EclipseLogger - skip non existing resourceDirectory /home/veruska/Documentos/Mestrado/TransferTimeAnalysisCG/workspace/BULMA/src/test/resources
2019-06-01 08:30:47,800 [Worker-4] INFO  o.e.m.c.i.l.LifecycleMappingFactory - Using org.eclipse.m2e.jdt.JarLifecycleMapping lifecycle mapping for MavenProject: MatchingGP3S:MatchingGP3S:0.0.1-SNAPSHOT @ /home/veruska/Documentos/Mestrado/TransferTimeAnalysisCG/workspace/MatchingGP3S/pom.xml.
2019-06-01 08:30:48,421 [Worker-4] INFO  o.e.m.j.i.AbstractJavaProjectConfigurator - Not adding source folder /MatchingGP3S/src/main/java because it overlaps with /MatchingGP3S/src
2019-06-01 08:30:48,422 [Worker-4] INFO  o.e.m.j.i.AbstractJavaProjectConfigurator - Not adding source folder /MatchingGP3S/src/test/java because it overlaps with /MatchingGP3S/src
2019-06-01 08:30:48,615 [Worker-4] INFO  o.e.m.c.i.p.ProjectConfigurationManager - Update started
2019-06-01 08:30:48,632 [Worker-4] INFO  o.e.m.c.i.l.LifecycleMappingFactory - Using org.eclipse.m2e.jdt.JarLifecycleMapping lifecycle mapping for MavenProject: MatchingGP3S:MatchingGP3S:0.0.1-SNAPSHOT @ /home/veruska/Documentos/Mestrado/TransferTimeAnalysisCG/workspace/MatchingGP3S/pom.xml.
2019-06-01 08:30:49,026 [Worker-4] INFO  o.e.m.j.i.AbstractJavaProjectConfigurator - Not adding source folder /MatchingGP3S/src/main/java because it overlaps with /MatchingGP3S/src
2019-06-01 08:30:49,026 [Worker-4] INFO  o.e.m.j.i.AbstractJavaProjectConfigurator - Not adding source folder /MatchingGP3S/src/test/java because it overlaps with /MatchingGP3S/src
2019-06-01 08:30:49,145 [Worker-4] INFO  o.e.m.c.i.p.ProjectConfigurationManager - Update completed: 0 sec
2019-06-01 08:30:49,716 [Worker-15] INFO  o.e.m.c.i.embedder.EclipseLogger - Using 'UTF-8' encoding to copy filtered resources.
2019-06-01 08:30:49,717 [Worker-15] INFO  o.e.m.c.i.embedder.EclipseLogger - skip non existing resourceDirectory /home/veruska/Documentos/Mestrado/TransferTimeAnalysisCG/workspace/MatchingGP3S/src/main/resources
2019-06-01 08:30:49,717 [Worker-15] INFO  o.e.m.c.i.embedder.EclipseLogger - Using 'UTF-8' encoding to copy filtered resources.
2019-06-01 08:30:49,717 [Worker-15] INFO  o.e.m.c.i.embedder.EclipseLogger - skip non existing resourceDirectory /home/veruska/Documentos/Mestrado/TransferTimeAnalysisCG/workspace/MatchingGP3S/src/test/resources
2019-06-01 08:31:00,207 [Worker-7] INFO  o.e.m.c.i.p.ProjectConfigurationManager - Update started
2019-06-01 08:31:00,235 [Worker-7] INFO  o.e.m.c.i.l.LifecycleMappingFactory - Using org.eclipse.m2e.jdt.JarLifecycleMapping lifecycle mapping for MavenProject: MatchingGP3S:MatchingGP3S:0.0.1-SNAPSHOT @ /home/veruska/Documentos/Mestrado/TransferTimeAnalysisCG/workspace/MatchingGP3S/pom.xml.
2019-06-01 08:31:00,585 [Worker-7] INFO  o.e.m.j.i.AbstractJavaProjectConfigurator - Not adding source folder /MatchingGP3S/src/main/java because it overlaps with /MatchingGP3S/src
2019-06-01 08:31:00,585 [Worker-7] INFO  o.e.m.j.i.AbstractJavaProjectConfigurator - Not adding source folder /MatchingGP3S/src/test/java because it overlaps with /MatchingGP3S/src
2019-06-01 08:31:00,843 [Worker-7] INFO  o.e.m.c.i.p.ProjectConfigurationManager - Update completed: 0 sec
2019-06-01 08:31:01,407 [Worker-7] INFO  o.e.m.c.i.embedder.EclipseLogger - Using 'UTF-8' encoding to copy filtered resources.
2019-06-01 08:31:01,407 [Worker-7] INFO  o.e.m.c.i.embedder.EclipseLogger - skip non existing resourceDirectory /home/veruska/Documentos/Mestrado/TransferTimeAnalysisCG/workspace/MatchingGP3S/src/main/resources
2019-06-01 08:31:01,408 [Worker-7] INFO  o.e.m.c.i.embedder.EclipseLogger - Using 'UTF-8' encoding to copy filtered resources.
2019-06-01 08:31:01,408 [Worker-7] INFO  o.e.m.c.i.embedder.EclipseLogger - skip non existing resourceDirectory /home/veruska/Documentos/Mestrado/TransferTimeAnalysisCG/workspace/MatchingGP3S/src/test/resources
2019-06-01 08:31:10,842 [Worker-15] INFO  o.e.m.c.i.embedder.EclipseLogger - Using 'UTF-8' encoding to copy filtered resources.
2019-06-01 08:31:10,843 [Worker-15] INFO  o.e.m.c.i.embedder.EclipseLogger - skip non existing resourceDirectory /home/veruska/Documentos/Mestrado/TransferTimeAnalysisCG/workspace/MatchingGP3S/src/main/resources
2019-06-01 08:31:10,844 [Worker-15] INFO  o.e.m.c.i.embedder.EclipseLogger - Using 'UTF-8' encoding to copy filtered resources.
2019-06-01 08:31:10,844 [Worker-15] INFO  o.e.m.c.i.embedder.EclipseLogger - skip non existing resourceDirectory /home/veruska/Documentos/Mestrado/TransferTimeAnalysisCG/workspace/MatchingGP3S/src/test/resources
2019-06-01 08:31:28,084 [Worker-0] INFO  o.e.m.c.i.embedder.EclipseLogger - Using 'UTF-8' encoding to copy filtered resources.
2019-06-01 08:31:28,084 [Worker-0] INFO  o.e.m.c.i.embedder.EclipseLogger - skip non existing resourceDirectory /home/veruska/Documentos/Mestrado/TransferTimeAnalysisCG/workspace/MatchingGP3S/src/main/resources
2019-06-01 08:31:28,086 [Worker-0] INFO  o.e.m.c.i.embedder.EclipseLogger - Using 'UTF-8' encoding to copy filtered resources.
2019-06-01 08:31:28,086 [Worker-0] INFO  o.e.m.c.i.embedder.EclipseLogger - skip non existing resourceDirectory /home/veruska/Documentos/Mestrado/TransferTimeAnalysisCG/workspace/MatchingGP3S/src/test/resources
2019-06-01 08:31:43,876 [Worker-9] INFO  o.e.m.c.i.embedder.EclipseLogger - Using 'UTF-8' encoding to copy filtered resources.
2019-06-01 08:31:43,877 [Worker-9] INFO  o.e.m.c.i.embedder.EclipseLogger - skip non existing resourceDirectory /home/veruska/Documentos/Mestrado/TransferTimeAnalysisCG/workspace/MatchingGP3S/src/main/resources
2019-06-01 08:31:43,878 [Worker-9] INFO  o.e.m.c.i.embedder.EclipseLogger - Using 'UTF-8' encoding to copy filtered resources.
2019-06-01 08:31:43,878 [Worker-9] INFO  o.e.m.c.i.embedder.EclipseLogger - skip non existing resourceDirectory /home/veruska/Documentos/Mestrado/TransferTimeAnalysisCG/workspace/MatchingGP3S/src/test/resources
2019-06-01 08:31:51,125 [Worker-11] INFO  o.e.m.c.i.embedder.EclipseLogger - Using 'UTF-8' encoding to copy filtered resources.
2019-06-01 08:31:51,125 [Worker-11] INFO  o.e.m.c.i.embedder.EclipseLogger - skip non existing resourceDirectory /home/veruska/Documentos/Mestrado/TransferTimeAnalysisCG/workspace/MatchingGP3S/src/main/resources
2019-06-01 08:31:51,126 [Worker-11] INFO  o.e.m.c.i.embedder.EclipseLogger - Using 'UTF-8' encoding to copy filtered resources.
2019-06-01 08:31:51,126 [Worker-11] INFO  o.e.m.c.i.embedder.EclipseLogger - skip non existing resourceDirectory /home/veruska/Documentos/Mestrado/TransferTimeAnalysisCG/workspace/MatchingGP3S/src/test/resources
2019-06-01 08:32:28,878 [Worker-1] INFO  o.e.m.c.i.embedder.EclipseLogger - Using 'UTF-8' encoding to copy filtered resources.
2019-06-01 08:32:28,878 [Worker-1] INFO  o.e.m.c.i.embedder.EclipseLogger - skip non existing resourceDirectory /home/veruska/Documentos/Mestrado/TransferTimeAnalysisCG/workspace/MatchingGP3S/src/main/resources
2019-06-01 08:32:28,879 [Worker-1] INFO  o.e.m.c.i.embedder.EclipseLogger - Using 'UTF-8' encoding to copy filtered resources.
2019-06-01 08:32:28,879 [Worker-1] INFO  o.e.m.c.i.embedder.EclipseLogger - skip non existing resourceDirectory /home/veruska/Documentos/Mestrado/TransferTimeAnalysisCG/workspace/MatchingGP3S/src/test/resources
2019-06-01 08:33:55,178 [Worker-7] INFO  o.e.m.c.i.embedder.EclipseLogger - Using 'UTF-8' encoding to copy filtered resources.
2019-06-01 08:33:55,179 [Worker-7] INFO  o.e.m.c.i.embedder.EclipseLogger - skip non existing resourceDirectory /home/veruska/Documentos/Mestrado/TransferTimeAnalysisCG/workspace/MatchingGP3S/src/main/resources
2019-06-01 08:33:55,180 [Worker-7] INFO  o.e.m.c.i.embedder.EclipseLogger - Using 'UTF-8' encoding to copy filtered resources.
2019-06-01 08:33:55,180 [Worker-7] INFO  o.e.m.c.i.embedder.EclipseLogger - skip non existing resourceDirectory /home/veruska/Documentos/Mestrado/TransferTimeAnalysisCG/workspace/MatchingGP3S/src/test/resources
2019-06-01 08:34:06,057 [Worker-3] INFO  o.e.m.c.i.embedder.EclipseLogger - Using 'UTF-8' encoding to copy filtered resources.
2019-06-01 08:34:06,057 [Worker-3] INFO  o.e.m.c.i.embedder.EclipseLogger - skip non existing resourceDirectory /home/veruska/Documentos/Mestrado/TransferTimeAnalysisCG/workspace/MatchingGP3S/src/main/resources
2019-06-01 08:34:06,058 [Worker-3] INFO  o.e.m.c.i.embedder.EclipseLogger - Using 'UTF-8' encoding to copy filtered resources.
2019-06-01 08:34:06,058 [Worker-3] INFO  o.e.m.c.i.embedder.EclipseLogger - skip non existing resourceDirectory /home/veruska/Documentos/Mestrado/TransferTimeAnalysisCG/workspace/MatchingGP3S/src/test/resources
2019-06-01 08:34:13,519 [Worker-2] INFO  o.e.m.c.i.embedder.EclipseLogger - Using 'UTF-8' encoding to copy filtered resources.
2019-06-01 08:34:13,520 [Worker-2] INFO  o.e.m.c.i.embedder.EclipseLogger - skip non existing resourceDirectory /home/veruska/Documentos/Mestrado/TransferTimeAnalysisCG/workspace/MatchingGP3S/src/main/resources
2019-06-01 08:34:13,521 [Worker-2] INFO  o.e.m.c.i.embedder.EclipseLogger - Using 'UTF-8' encoding to copy filtered resources.
2019-06-01 08:34:13,521 [Worker-2] INFO  o.e.m.c.i.embedder.EclipseLogger - skip non existing resourceDirectory /home/veruska/Documentos/Mestrado/TransferTimeAnalysisCG/workspace/MatchingGP3S/src/test/resources
2019-06-01 08:34:36,297 [Worker-13] INFO  o.e.m.c.i.embedder.EclipseLogger - Using 'UTF-8' encoding to copy filtered resources.
2019-06-01 08:34:36,297 [Worker-13] INFO  o.e.m.c.i.embedder.EclipseLogger - skip non existing resourceDirectory /home/veruska/Documentos/Mestrado/TransferTimeAnalysisCG/workspace/MatchingGP3S/src/main/resources
2019-06-01 08:34:36,298 [Worker-13] INFO  o.e.m.c.i.embedder.EclipseLogger - Using 'UTF-8' encoding to copy filtered resources.
2019-06-01 08:34:36,299 [Worker-13] INFO  o.e.m.c.i.embedder.EclipseLogger - skip non existing resourceDirectory /home/veruska/Documentos/Mestrado/TransferTimeAnalysisCG/workspace/MatchingGP3S/src/test/resources
2019-06-01 08:34:42,845 [Worker-14] INFO  o.e.m.c.i.embedder.EclipseLogger - Using 'UTF-8' encoding to copy filtered resources.
2019-06-01 08:34:42,845 [Worker-14] INFO  o.e.m.c.i.embedder.EclipseLogger - skip non existing resourceDirectory /home/veruska/Documentos/Mestrado/TransferTimeAnalysisCG/workspace/MatchingGP3S/src/main/resources
2019-06-01 08:34:42,846 [Worker-14] INFO  o.e.m.c.i.embedder.EclipseLogger - Using 'UTF-8' encoding to copy filtered resources.
2019-06-01 08:34:42,846 [Worker-14] INFO  o.e.m.c.i.embedder.EclipseLogger - skip non existing resourceDirectory /home/veruska/Documentos/Mestrado/TransferTimeAnalysisCG/workspace/MatchingGP3S/src/test/resources
2019-06-01 08:34:59,905 [Worker-10] INFO  o.e.m.c.i.embedder.EclipseLogger - Using 'UTF-8' encoding to copy filtered resources.
2019-06-01 08:34:59,905 [Worker-10] INFO  o.e.m.c.i.embedder.EclipseLogger - skip non existing resourceDirectory /home/veruska/Documentos/Mestrado/TransferTimeAnalysisCG/workspace/MatchingGP3S/src/main/resources
2019-06-01 08:34:59,907 [Worker-10] INFO  o.e.m.c.i.embedder.EclipseLogger - Using 'UTF-8' encoding to copy filtered resources.
2019-06-01 08:34:59,907 [Worker-10] INFO  o.e.m.c.i.embedder.EclipseLogger - skip non existing resourceDirectory /home/veruska/Documentos/Mestrado/TransferTimeAnalysisCG/workspace/MatchingGP3S/src/test/resources
2019-06-01 08:35:14,929 [Worker-9] INFO  o.e.m.c.i.embedder.EclipseLogger - Using 'UTF-8' encoding to copy filtered resources.
2019-06-01 08:35:14,929 [Worker-9] INFO  o.e.m.c.i.embedder.EclipseLogger - skip non existing resourceDirectory /home/veruska/Documentos/Mestrado/TransferTimeAnalysisCG/workspace/MatchingGP3S/src/main/resources
2019-06-01 08:35:14,930 [Worker-9] INFO  o.e.m.c.i.embedder.EclipseLogger - Using 'UTF-8' encoding to copy filtered resources.
2019-06-01 08:35:14,930 [Worker-9] INFO  o.e.m.c.i.embedder.EclipseLogger - skip non existing resourceDirectory /home/veruska/Documentos/Mestrado/TransferTimeAnalysisCG/workspace/MatchingGP3S/src/test/resources
2019-06-01 08:35:51,204 [Worker-0] INFO  o.e.m.c.i.embedder.EclipseLogger - Using 'UTF-8' encoding to copy filtered resources.
2019-06-01 08:35:51,204 [Worker-0] INFO  o.e.m.c.i.embedder.EclipseLogger - skip non existing resourceDirectory /home/veruska/Documentos/Mestrado/TransferTimeAnalysisCG/workspace/MatchingGP3S/src/main/resources
2019-06-01 08:35:51,206 [Worker-0] INFO  o.e.m.c.i.embedder.EclipseLogger - Using 'UTF-8' encoding to copy filtered resources.
2019-06-01 08:35:51,206 [Worker-0] INFO  o.e.m.c.i.embedder.EclipseLogger - skip non existing resourceDirectory /home/veruska/Documentos/Mestrado/TransferTimeAnalysisCG/workspace/MatchingGP3S/src/test/resources
2019-06-01 08:36:04,686 [Worker-11] INFO  o.e.m.c.i.embedder.EclipseLogger - Using 'UTF-8' encoding to copy filtered resources.
2019-06-01 08:36:04,686 [Worker-11] INFO  o.e.m.c.i.embedder.EclipseLogger - skip non existing resourceDirectory /home/veruska/Documentos/Mestrado/TransferTimeAnalysisCG/workspace/MatchingGP3S/src/main/resources
2019-06-01 08:36:04,687 [Worker-11] INFO  o.e.m.c.i.embedder.EclipseLogger - Using 'UTF-8' encoding to copy filtered resources.
2019-06-01 08:36:04,687 [Worker-11] INFO  o.e.m.c.i.embedder.EclipseLogger - skip non existing resourceDirectory /home/veruska/Documentos/Mestrado/TransferTimeAnalysisCG/workspace/MatchingGP3S/src/test/resources
2019-06-01 08:36:28,143 [Worker-7] INFO  o.e.m.c.i.embedder.EclipseLogger - Using 'UTF-8' encoding to copy filtered resources.
2019-06-01 08:36:28,143 [Worker-7] INFO  o.e.m.c.i.embedder.EclipseLogger - skip non existing resourceDirectory /home/veruska/Documentos/Mestrado/TransferTimeAnalysisCG/workspace/MatchingGP3S/src/main/resources
2019-06-01 08:36:28,144 [Worker-7] INFO  o.e.m.c.i.embedder.EclipseLogger - Using 'UTF-8' encoding to copy filtered resources.
2019-06-01 08:36:28,144 [Worker-7] INFO  o.e.m.c.i.embedder.EclipseLogger - skip non existing resourceDirectory /home/veruska/Documentos/Mestrado/TransferTimeAnalysisCG/workspace/MatchingGP3S/src/test/resources
2019-06-01 08:36:43,060 [Worker-14] INFO  o.e.m.c.i.embedder.EclipseLogger - Using 'UTF-8' encoding to copy filtered resources.
2019-06-01 08:36:43,061 [Worker-14] INFO  o.e.m.c.i.embedder.EclipseLogger - skip non existing resourceDirectory /home/veruska/Documentos/Mestrado/TransferTimeAnalysisCG/workspace/MatchingGP3S/src/main/resources
2019-06-01 08:36:43,062 [Worker-14] INFO  o.e.m.c.i.embedder.EclipseLogger - Using 'UTF-8' encoding to copy filtered resources.
2019-06-01 08:36:43,062 [Worker-14] INFO  o.e.m.c.i.embedder.EclipseLogger - skip non existing resourceDirectory /home/veruska/Documentos/Mestrado/TransferTimeAnalysisCG/workspace/MatchingGP3S/src/test/resources
2019-06-01 08:36:49,141 [Worker-4] INFO  o.e.m.c.i.embedder.EclipseLogger - Using 'UTF-8' encoding to copy filtered resources.
2019-06-01 08:36:49,141 [Worker-4] INFO  o.e.m.c.i.embedder.EclipseLogger - skip non existing resourceDirectory /home/veruska/Documentos/Mestrado/TransferTimeAnalysisCG/workspace/MatchingGP3S/src/main/resources
2019-06-01 08:36:49,142 [Worker-4] INFO  o.e.m.c.i.embedder.EclipseLogger - Using 'UTF-8' encoding to copy filtered resources.
2019-06-01 08:36:49,142 [Worker-4] INFO  o.e.m.c.i.embedder.EclipseLogger - skip non existing resourceDirectory /home/veruska/Documentos/Mestrado/TransferTimeAnalysisCG/workspace/MatchingGP3S/src/test/resources
2019-06-01 08:36:56,652 [Worker-13] INFO  o.e.m.c.i.embedder.EclipseLogger - Using 'UTF-8' encoding to copy filtered resources.
2019-06-01 08:36:56,652 [Worker-13] INFO  o.e.m.c.i.embedder.EclipseLogger - skip non existing resourceDirectory /home/veruska/Documentos/Mestrado/TransferTimeAnalysisCG/workspace/MatchingGP3S/src/main/resources
2019-06-01 08:36:56,653 [Worker-13] INFO  o.e.m.c.i.embedder.EclipseLogger - Using 'UTF-8' encoding to copy filtered resources.
2019-06-01 08:36:56,653 [Worker-13] INFO  o.e.m.c.i.embedder.EclipseLogger - skip non existing resourceDirectory /home/veruska/Documentos/Mestrado/TransferTimeAnalysisCG/workspace/MatchingGP3S/src/test/resources
2019-06-01 08:37:22,948 [Worker-0] INFO  o.e.m.c.i.embedder.EclipseLogger - Using 'UTF-8' encoding to copy filtered resources.
2019-06-01 08:37:22,948 [Worker-0] INFO  o.e.m.c.i.embedder.EclipseLogger - skip non existing resourceDirectory /home/veruska/Documentos/Mestrado/TransferTimeAnalysisCG/workspace/MatchingGP3S/src/main/resources
2019-06-01 08:37:22,949 [Worker-0] INFO  o.e.m.c.i.embedder.EclipseLogger - Using 'UTF-8' encoding to copy filtered resources.
2019-06-01 08:37:22,949 [Worker-0] INFO  o.e.m.c.i.embedder.EclipseLogger - skip non existing resourceDirectory /home/veruska/Documentos/Mestrado/TransferTimeAnalysisCG/workspace/MatchingGP3S/src/test/resources
2019-06-01 08:38:03,980 [Worker-10] INFO  o.e.m.c.i.embedder.EclipseLogger - Using 'UTF-8' encoding to copy filtered resources.
2019-06-01 08:38:03,980 [Worker-10] INFO  o.e.m.c.i.embedder.EclipseLogger - skip non existing resourceDirectory /home/veruska/Documentos/Mestrado/TransferTimeAnalysisCG/workspace/MatchingGP3S/src/main/resources
2019-06-01 08:38:03,981 [Worker-10] INFO  o.e.m.c.i.embedder.EclipseLogger - Using 'UTF-8' encoding to copy filtered resources.
2019-06-01 08:38:03,981 [Worker-10] INFO  o.e.m.c.i.embedder.EclipseLogger - skip non existing resourceDirectory /home/veruska/Documentos/Mestrado/TransferTimeAnalysisCG/workspace/MatchingGP3S/src/test/resources
2019-06-01 08:44:22,230 [Worker-3] INFO  c.g.t.t.d.PublishedGradleVersions - Gradle version information cache is up-to-date. Trying to read.
2019-06-01 08:44:23,885 [Worker-12] INFO  o.e.m.c.i.l.LifecycleMappingFactory - Using org.eclipse.m2e.jdt.JarLifecycleMapping lifecycle mapping for MavenProject: MatchingGP3S:MatchingGP3S:0.0.1-SNAPSHOT @ /home/veruska/Documentos/Mestrado/TransferTimeAnalysisCG/workspace/java/MatchingGP3S/pom.xml.
2019-06-01 08:44:23,885 [Worker-7] INFO  o.e.m.c.i.l.LifecycleMappingFactory - Using org.eclipse.m2e.jdt.JarLifecycleMapping lifecycle mapping for MavenProject: MatchingGP3S:MatchingGP3S:0.0.1-SNAPSHOT @ /home/veruska/Documentos/Mestrado/TransferTimeAnalysisCG/workspace/java/MatchingGP3S/pom.xml.
2019-06-01 08:44:26,364 [Worker-12] INFO  o.e.m.c.i.embedder.EclipseLogger - Using 'UTF-8' encoding to copy filtered resources.
2019-06-01 08:44:26,364 [Worker-12] INFO  o.e.m.c.i.embedder.EclipseLogger - skip non existing resourceDirectory /home/veruska/Documentos/Mestrado/TransferTimeAnalysisCG/workspace/java/MatchingGP3S/src/main/resources
2019-06-01 08:44:26,368 [Worker-12] INFO  o.e.m.c.i.embedder.EclipseLogger - Using 'UTF-8' encoding to copy filtered resources.
2019-06-01 08:44:26,368 [Worker-12] INFO  o.e.m.c.i.embedder.EclipseLogger - skip non existing resourceDirectory /home/veruska/Documentos/Mestrado/TransferTimeAnalysisCG/workspace/java/MatchingGP3S/src/test/resources
2019-06-01 08:44:27,345 [Worker-12] INFO  o.e.m.c.i.l.LifecycleMappingFactory - Using org.eclipse.m2e.jdt.JarLifecycleMapping lifecycle mapping for MavenProject: MatchingGP3S:MatchingGP3S:0.0.1-SNAPSHOT @ /home/veruska/Documentos/Mestrado/TransferTimeAnalysisCG/workspace/java/MatchingGP3S/pom.xml.
2019-06-01 08:44:29,042 [Worker-5] INFO  o.e.m.c.i.embedder.EclipseLogger - Using 'UTF-8' encoding to copy filtered resources.
2019-06-01 08:44:29,043 [Worker-5] INFO  o.e.m.c.i.embedder.EclipseLogger - skip non existing resourceDirectory /home/veruska/Documentos/Mestrado/TransferTimeAnalysisCG/workspace/java/MatchingGP3S/src/main/resources
2019-06-01 08:44:29,046 [Worker-5] INFO  o.e.m.c.i.embedder.EclipseLogger - Using 'UTF-8' encoding to copy filtered resources.
2019-06-01 08:44:29,046 [Worker-5] INFO  o.e.m.c.i.embedder.EclipseLogger - skip non existing resourceDirectory /home/veruska/Documentos/Mestrado/TransferTimeAnalysisCG/workspace/java/MatchingGP3S/src/test/resources
2019-06-01 08:54:15,800 [Worker-18] INFO  o.e.m.c.i.embedder.EclipseLogger - Using 'UTF-8' encoding to copy filtered resources.
2019-06-01 08:54:15,800 [Worker-18] INFO  o.e.m.c.i.embedder.EclipseLogger - skip non existing resourceDirectory /home/veruska/Documentos/Mestrado/TransferTimeAnalysisCG/workspace/java/MatchingGP3S/src/main/resources
2019-06-01 08:54:15,802 [Worker-18] INFO  o.e.m.c.i.embedder.EclipseLogger - Using 'UTF-8' encoding to copy filtered resources.
2019-06-01 08:54:15,802 [Worker-18] INFO  o.e.m.c.i.embedder.EclipseLogger - skip non existing resourceDirectory /home/veruska/Documentos/Mestrado/TransferTimeAnalysisCG/workspace/java/MatchingGP3S/src/test/resources
2019-06-01 08:58:08,597 [Worker-21] INFO  o.e.m.c.i.embedder.EclipseLogger - Using 'UTF-8' encoding to copy filtered resources.
2019-06-01 08:58:08,597 [Worker-21] INFO  o.e.m.c.i.embedder.EclipseLogger - skip non existing resourceDirectory /home/veruska/Documentos/Mestrado/TransferTimeAnalysisCG/workspace/java/MatchingGP3S/src/main/resources
2019-06-01 08:58:08,599 [Worker-21] INFO  o.e.m.c.i.embedder.EclipseLogger - Using 'UTF-8' encoding to copy filtered resources.
2019-06-01 08:58:08,599 [Worker-21] INFO  o.e.m.c.i.embedder.EclipseLogger - skip non existing resourceDirectory /home/veruska/Documentos/Mestrado/TransferTimeAnalysisCG/workspace/java/MatchingGP3S/src/test/resources
2019-06-01 08:58:54,780 [Worker-0] INFO  o.e.m.c.i.embedder.EclipseLogger - Using 'UTF-8' encoding to copy filtered resources.
2019-06-01 08:58:54,780 [Worker-0] INFO  o.e.m.c.i.embedder.EclipseLogger - skip non existing resourceDirectory /home/veruska/Documentos/Mestrado/TransferTimeAnalysisCG/workspace/java/MatchingGP3S/src/main/resources
2019-06-01 08:58:54,781 [Worker-0] INFO  o.e.m.c.i.embedder.EclipseLogger - Using 'UTF-8' encoding to copy filtered resources.
2019-06-01 08:58:54,781 [Worker-0] INFO  o.e.m.c.i.embedder.EclipseLogger - skip non existing resourceDirectory /home/veruska/Documentos/Mestrado/TransferTimeAnalysisCG/workspace/java/MatchingGP3S/src/test/resources
2019-06-01 08:59:57,761 [Worker-19] INFO  o.e.m.c.i.embedder.EclipseLogger - Using 'UTF-8' encoding to copy filtered resources.
2019-06-01 08:59:57,761 [Worker-19] INFO  o.e.m.c.i.embedder.EclipseLogger - skip non existing resourceDirectory /home/veruska/Documentos/Mestrado/TransferTimeAnalysisCG/workspace/java/MatchingGP3S/src/main/resources
2019-06-01 08:59:57,762 [Worker-19] INFO  o.e.m.c.i.embedder.EclipseLogger - Using 'UTF-8' encoding to copy filtered resources.
2019-06-01 08:59:57,762 [Worker-19] INFO  o.e.m.c.i.embedder.EclipseLogger - skip non existing resourceDirectory /home/veruska/Documentos/Mestrado/TransferTimeAnalysisCG/workspace/java/MatchingGP3S/src/test/resources
2019-06-01 09:00:13,835 [Worker-18] INFO  o.e.m.c.i.embedder.EclipseLogger - Using 'UTF-8' encoding to copy filtered resources.
2019-06-01 09:00:13,835 [Worker-18] INFO  o.e.m.c.i.embedder.EclipseLogger - skip non existing resourceDirectory /home/veruska/Documentos/Mestrado/TransferTimeAnalysisCG/workspace/java/MatchingGP3S/src/main/resources
2019-06-01 09:00:13,836 [Worker-18] INFO  o.e.m.c.i.embedder.EclipseLogger - Using 'UTF-8' encoding to copy filtered resources.
2019-06-01 09:00:13,836 [Worker-18] INFO  o.e.m.c.i.embedder.EclipseLogger - skip non existing resourceDirectory /home/veruska/Documentos/Mestrado/TransferTimeAnalysisCG/workspace/java/MatchingGP3S/src/test/resources
2019-06-01 09:12:07,157 [Worker-19] INFO  o.e.m.c.i.embedder.EclipseLogger - Using 'UTF-8' encoding to copy filtered resources.
2019-06-01 09:12:07,157 [Worker-19] INFO  o.e.m.c.i.embedder.EclipseLogger - skip non existing resourceDirectory /home/veruska/Documentos/Mestrado/TransferTimeAnalysisCG/workspace/java/MatchingGP3S/src/main/resources
2019-06-01 09:12:07,158 [Worker-19] INFO  o.e.m.c.i.embedder.EclipseLogger - Using 'UTF-8' encoding to copy filtered resources.
2019-06-01 09:12:07,158 [Worker-19] INFO  o.e.m.c.i.embedder.EclipseLogger - skip non existing resourceDirectory /home/veruska/Documentos/Mestrado/TransferTimeAnalysisCG/workspace/java/MatchingGP3S/src/test/resources
2019-06-01 09:13:21,422 [Worker-0] INFO  o.e.m.c.i.embedder.EclipseLogger - Using 'UTF-8' encoding to copy filtered resources.
2019-06-01 09:13:21,422 [Worker-0] INFO  o.e.m.c.i.embedder.EclipseLogger - skip non existing resourceDirectory /home/veruska/Documentos/Mestrado/TransferTimeAnalysisCG/workspace/java/MatchingGP3S/src/main/resources
2019-06-01 09:13:21,425 [Worker-0] INFO  o.e.m.c.i.embedder.EclipseLogger - Using 'UTF-8' encoding to copy filtered resources.
2019-06-01 09:13:21,425 [Worker-0] INFO  o.e.m.c.i.embedder.EclipseLogger - skip non existing resourceDirectory /home/veruska/Documentos/Mestrado/TransferTimeAnalysisCG/workspace/java/MatchingGP3S/src/test/resources
2019-06-01 09:13:53,430 [Worker-22] INFO  o.e.m.c.i.embedder.EclipseLogger - Using 'UTF-8' encoding to copy filtered resources.
2019-06-01 09:13:53,430 [Worker-22] INFO  o.e.m.c.i.embedder.EclipseLogger - skip non existing resourceDirectory /home/veruska/Documentos/Mestrado/TransferTimeAnalysisCG/workspace/java/MatchingGP3S/src/main/resources
2019-06-01 09:13:53,431 [Worker-22] INFO  o.e.m.c.i.embedder.EclipseLogger - Using 'UTF-8' encoding to copy filtered resources.
2019-06-01 09:13:53,431 [Worker-22] INFO  o.e.m.c.i.embedder.EclipseLogger - skip non existing resourceDirectory /home/veruska/Documentos/Mestrado/TransferTimeAnalysisCG/workspace/java/MatchingGP3S/src/test/resources
2019-06-01 09:14:10,573 [Worker-18] INFO  o.e.m.c.i.embedder.EclipseLogger - Using 'UTF-8' encoding to copy filtered resources.
2019-06-01 09:14:10,573 [Worker-18] INFO  o.e.m.c.i.embedder.EclipseLogger - skip non existing resourceDirectory /home/veruska/Documentos/Mestrado/TransferTimeAnalysisCG/workspace/java/MatchingGP3S/src/main/resources
2019-06-01 09:14:10,574 [Worker-18] INFO  o.e.m.c.i.embedder.EclipseLogger - Using 'UTF-8' encoding to copy filtered resources.
2019-06-01 09:14:10,575 [Worker-18] INFO  o.e.m.c.i.embedder.EclipseLogger - skip non existing resourceDirectory /home/veruska/Documentos/Mestrado/TransferTimeAnalysisCG/workspace/java/MatchingGP3S/src/test/resources
2019-06-01 09:16:45,909 [Worker-22] INFO  o.e.m.c.i.embedder.EclipseLogger - Using 'UTF-8' encoding to copy filtered resources.
2019-06-01 09:16:45,909 [Worker-22] INFO  o.e.m.c.i.embedder.EclipseLogger - skip non existing resourceDirectory /home/veruska/Documentos/Mestrado/TransferTimeAnalysisCG/workspace/java/MatchingGP3S/src/main/resources
2019-06-01 09:16:45,910 [Worker-22] INFO  o.e.m.c.i.embedder.EclipseLogger - Using 'UTF-8' encoding to copy filtered resources.
2019-06-01 09:16:45,910 [Worker-22] INFO  o.e.m.c.i.embedder.EclipseLogger - skip non existing resourceDirectory /home/veruska/Documentos/Mestrado/TransferTimeAnalysisCG/workspace/java/MatchingGP3S/src/test/resources
2019-06-01 09:16:48,232 [Worker-22] INFO  o.e.m.c.i.embedder.EclipseLogger - Using 'UTF-8' encoding to copy filtered resources.
2019-06-01 09:16:48,232 [Worker-22] INFO  o.e.m.c.i.embedder.EclipseLogger - skip non existing resourceDirectory /home/veruska/Documentos/Mestrado/TransferTimeAnalysisCG/workspace/java/MatchingGP3S/src/main/resources
2019-06-01 09:16:48,233 [Worker-22] INFO  o.e.m.c.i.embedder.EclipseLogger - Using 'UTF-8' encoding to copy filtered resources.
2019-06-01 09:16:48,233 [Worker-22] INFO  o.e.m.c.i.embedder.EclipseLogger - skip non existing resourceDirectory /home/veruska/Documentos/Mestrado/TransferTimeAnalysisCG/workspace/java/MatchingGP3S/src/test/resources
2019-06-01 09:16:52,452 [Worker-21] INFO  o.e.m.c.i.embedder.EclipseLogger - Using 'UTF-8' encoding to copy filtered resources.
2019-06-01 09:16:52,453 [Worker-21] INFO  o.e.m.c.i.embedder.EclipseLogger - skip non existing resourceDirectory /home/veruska/Documentos/Mestrado/TransferTimeAnalysisCG/workspace/java/MatchingGP3S/src/main/resources
2019-06-01 09:16:52,454 [Worker-21] INFO  o.e.m.c.i.embedder.EclipseLogger - Using 'UTF-8' encoding to copy filtered resources.
2019-06-01 09:16:52,454 [Worker-21] INFO  o.e.m.c.i.embedder.EclipseLogger - skip non existing resourceDirectory /home/veruska/Documentos/Mestrado/TransferTimeAnalysisCG/workspace/java/MatchingGP3S/src/test/resources
2019-06-01 09:17:07,059 [Worker-22] INFO  o.e.m.c.i.embedder.EclipseLogger - Using 'UTF-8' encoding to copy filtered resources.
2019-06-01 09:17:07,060 [Worker-22] INFO  o.e.m.c.i.embedder.EclipseLogger - skip non existing resourceDirectory /home/veruska/Documentos/Mestrado/TransferTimeAnalysisCG/workspace/java/MatchingGP3S/src/main/resources
2019-06-01 09:17:07,061 [Worker-22] INFO  o.e.m.c.i.embedder.EclipseLogger - Using 'UTF-8' encoding to copy filtered resources.
2019-06-01 09:17:07,061 [Worker-22] INFO  o.e.m.c.i.embedder.EclipseLogger - skip non existing resourceDirectory /home/veruska/Documentos/Mestrado/TransferTimeAnalysisCG/workspace/java/MatchingGP3S/src/test/resources
2019-06-01 09:17:49,321 [Worker-0] INFO  o.e.m.c.i.embedder.EclipseLogger - Using 'UTF-8' encoding to copy filtered resources.
2019-06-01 09:17:49,335 [Worker-0] INFO  o.e.m.c.i.embedder.EclipseLogger - skip non existing resourceDirectory /home/veruska/Documentos/Mestrado/TransferTimeAnalysisCG/workspace/java/MatchingGP3S/src/main/resources
2019-06-01 09:17:49,336 [Worker-0] INFO  o.e.m.c.i.embedder.EclipseLogger - Using 'UTF-8' encoding to copy filtered resources.
2019-06-01 09:17:49,336 [Worker-0] INFO  o.e.m.c.i.embedder.EclipseLogger - skip non existing resourceDirectory /home/veruska/Documentos/Mestrado/TransferTimeAnalysisCG/workspace/java/MatchingGP3S/src/test/resources
2019-06-01 09:22:46,155 [Worker-19] INFO  o.e.m.c.i.embedder.EclipseLogger - Using 'UTF-8' encoding to copy filtered resources.
2019-06-01 09:22:46,155 [Worker-19] INFO  o.e.m.c.i.embedder.EclipseLogger - skip non existing resourceDirectory /home/veruska/Documentos/Mestrado/TransferTimeAnalysisCG/workspace/java/MatchingGP3S/src/main/resources
2019-06-01 09:22:46,157 [Worker-19] INFO  o.e.m.c.i.embedder.EclipseLogger - Using 'UTF-8' encoding to copy filtered resources.
2019-06-01 09:22:46,157 [Worker-19] INFO  o.e.m.c.i.embedder.EclipseLogger - skip non existing resourceDirectory /home/veruska/Documentos/Mestrado/TransferTimeAnalysisCG/workspace/java/MatchingGP3S/src/test/resources
2019-06-01 09:22:49,690 [Worker-21] INFO  o.e.m.c.i.embedder.EclipseLogger - Using 'UTF-8' encoding to copy filtered resources.
2019-06-01 09:22:49,691 [Worker-21] INFO  o.e.m.c.i.embedder.EclipseLogger - skip non existing resourceDirectory /home/veruska/Documentos/Mestrado/TransferTimeAnalysisCG/workspace/java/MatchingGP3S/src/main/resources
2019-06-01 09:22:49,692 [Worker-21] INFO  o.e.m.c.i.embedder.EclipseLogger - Using 'UTF-8' encoding to copy filtered resources.
2019-06-01 09:22:49,692 [Worker-21] INFO  o.e.m.c.i.embedder.EclipseLogger - skip non existing resourceDirectory /home/veruska/Documentos/Mestrado/TransferTimeAnalysisCG/workspace/java/MatchingGP3S/src/test/resources
2019-06-01 09:22:52,811 [Worker-23] INFO  o.e.m.c.i.embedder.EclipseLogger - Using 'UTF-8' encoding to copy filtered resources.
2019-06-01 09:22:52,812 [Worker-23] INFO  o.e.m.c.i.embedder.EclipseLogger - skip non existing resourceDirectory /home/veruska/Documentos/Mestrado/TransferTimeAnalysisCG/workspace/java/MatchingGP3S/src/main/resources
2019-06-01 09:22:52,813 [Worker-23] INFO  o.e.m.c.i.embedder.EclipseLogger - Using 'UTF-8' encoding to copy filtered resources.
2019-06-01 09:22:52,813 [Worker-23] INFO  o.e.m.c.i.embedder.EclipseLogger - skip non existing resourceDirectory /home/veruska/Documentos/Mestrado/TransferTimeAnalysisCG/workspace/java/MatchingGP3S/src/test/resources
2019-06-01 09:24:50,662 [Worker-22] INFO  o.e.m.c.i.embedder.EclipseLogger - Using 'UTF-8' encoding to copy filtered resources.
2019-06-01 09:24:50,685 [Worker-22] INFO  o.e.m.c.i.embedder.EclipseLogger - skip non existing resourceDirectory /home/veruska/Documentos/Mestrado/TransferTimeAnalysisCG/workspace/java/MatchingGP3S/src/main/resources
2019-06-01 09:24:50,686 [Worker-22] INFO  o.e.m.c.i.embedder.EclipseLogger - Using 'UTF-8' encoding to copy filtered resources.
2019-06-01 09:24:50,686 [Worker-22] INFO  o.e.m.c.i.embedder.EclipseLogger - skip non existing resourceDirectory /home/veruska/Documentos/Mestrado/TransferTimeAnalysisCG/workspace/java/MatchingGP3S/src/test/resources
2019-06-01 09:24:55,682 [Worker-19] INFO  o.e.m.c.i.embedder.EclipseLogger - Using 'UTF-8' encoding to copy filtered resources.
2019-06-01 09:24:55,683 [Worker-19] INFO  o.e.m.c.i.embedder.EclipseLogger - skip non existing resourceDirectory /home/veruska/Documentos/Mestrado/TransferTimeAnalysisCG/workspace/java/MatchingGP3S/src/main/resources
2019-06-01 09:24:55,684 [Worker-19] INFO  o.e.m.c.i.embedder.EclipseLogger - Using 'UTF-8' encoding to copy filtered resources.
2019-06-01 09:24:55,685 [Worker-19] INFO  o.e.m.c.i.embedder.EclipseLogger - skip non existing resourceDirectory /home/veruska/Documentos/Mestrado/TransferTimeAnalysisCG/workspace/java/MatchingGP3S/src/test/resources
2019-06-01 09:24:57,921 [Worker-24] INFO  o.e.m.c.i.embedder.EclipseLogger - Using 'UTF-8' encoding to copy filtered resources.
2019-06-01 09:24:57,922 [Worker-24] INFO  o.e.m.c.i.embedder.EclipseLogger - skip non existing resourceDirectory /home/veruska/Documentos/Mestrado/TransferTimeAnalysisCG/workspace/java/MatchingGP3S/src/main/resources
2019-06-01 09:24:57,923 [Worker-24] INFO  o.e.m.c.i.embedder.EclipseLogger - Using 'UTF-8' encoding to copy filtered resources.
2019-06-01 09:24:57,923 [Worker-24] INFO  o.e.m.c.i.embedder.EclipseLogger - skip non existing resourceDirectory /home/veruska/Documentos/Mestrado/TransferTimeAnalysisCG/workspace/java/MatchingGP3S/src/test/resources
2019-06-01 09:25:01,279 [Worker-18] INFO  o.e.m.c.i.embedder.EclipseLogger - Using 'UTF-8' encoding to copy filtered resources.
2019-06-01 09:25:01,279 [Worker-18] INFO  o.e.m.c.i.embedder.EclipseLogger - skip non existing resourceDirectory /home/veruska/Documentos/Mestrado/TransferTimeAnalysisCG/workspace/java/MatchingGP3S/src/main/resources
2019-06-01 09:25:01,280 [Worker-18] INFO  o.e.m.c.i.embedder.EclipseLogger - Using 'UTF-8' encoding to copy filtered resources.
2019-06-01 09:25:01,280 [Worker-18] INFO  o.e.m.c.i.embedder.EclipseLogger - skip non existing resourceDirectory /home/veruska/Documentos/Mestrado/TransferTimeAnalysisCG/workspace/java/MatchingGP3S/src/test/resources
2019-06-01 09:25:05,064 [Worker-18] INFO  o.e.m.c.i.embedder.EclipseLogger - Using 'UTF-8' encoding to copy filtered resources.
2019-06-01 09:25:05,064 [Worker-18] INFO  o.e.m.c.i.embedder.EclipseLogger - skip non existing resourceDirectory /home/veruska/Documentos/Mestrado/TransferTimeAnalysisCG/workspace/java/MatchingGP3S/src/main/resources
2019-06-01 09:25:05,066 [Worker-18] INFO  o.e.m.c.i.embedder.EclipseLogger - Using 'UTF-8' encoding to copy filtered resources.
2019-06-01 09:25:05,066 [Worker-18] INFO  o.e.m.c.i.embedder.EclipseLogger - skip non existing resourceDirectory /home/veruska/Documentos/Mestrado/TransferTimeAnalysisCG/workspace/java/MatchingGP3S/src/test/resources
2019-06-01 09:29:01,130 [Worker-18] INFO  o.e.m.c.i.embedder.EclipseLogger - Using 'UTF-8' encoding to copy filtered resources.
2019-06-01 09:29:01,130 [Worker-18] INFO  o.e.m.c.i.embedder.EclipseLogger - skip non existing resourceDirectory /home/veruska/Documentos/Mestrado/TransferTimeAnalysisCG/workspace/java/MatchingGP3S/src/main/resources
2019-06-01 09:29:01,131 [Worker-18] INFO  o.e.m.c.i.embedder.EclipseLogger - Using 'UTF-8' encoding to copy filtered resources.
2019-06-01 09:29:01,131 [Worker-18] INFO  o.e.m.c.i.embedder.EclipseLogger - skip non existing resourceDirectory /home/veruska/Documentos/Mestrado/TransferTimeAnalysisCG/workspace/java/MatchingGP3S/src/test/resources
2019-06-01 09:29:08,821 [Worker-0] INFO  o.e.m.c.i.embedder.EclipseLogger - Using 'UTF-8' encoding to copy filtered resources.
2019-06-01 09:29:08,822 [Worker-0] INFO  o.e.m.c.i.embedder.EclipseLogger - skip non existing resourceDirectory /home/veruska/Documentos/Mestrado/TransferTimeAnalysisCG/workspace/java/MatchingGP3S/src/main/resources
2019-06-01 09:29:08,822 [Worker-0] INFO  o.e.m.c.i.embedder.EclipseLogger - Using 'UTF-8' encoding to copy filtered resources.
2019-06-01 09:29:08,822 [Worker-0] INFO  o.e.m.c.i.embedder.EclipseLogger - skip non existing resourceDirectory /home/veruska/Documentos/Mestrado/TransferTimeAnalysisCG/workspace/java/MatchingGP3S/src/test/resources
2019-06-01 09:29:11,786 [Worker-22] INFO  o.e.m.c.i.embedder.EclipseLogger - Using 'UTF-8' encoding to copy filtered resources.
2019-06-01 09:29:11,786 [Worker-22] INFO  o.e.m.c.i.embedder.EclipseLogger - skip non existing resourceDirectory /home/veruska/Documentos/Mestrado/TransferTimeAnalysisCG/workspace/java/MatchingGP3S/src/main/resources
2019-06-01 09:29:11,786 [Worker-22] INFO  o.e.m.c.i.embedder.EclipseLogger - Using 'UTF-8' encoding to copy filtered resources.
2019-06-01 09:29:11,787 [Worker-22] INFO  o.e.m.c.i.embedder.EclipseLogger - skip non existing resourceDirectory /home/veruska/Documentos/Mestrado/TransferTimeAnalysisCG/workspace/java/MatchingGP3S/src/test/resources
2019-06-01 09:29:13,890 [Worker-23] INFO  o.e.m.c.i.embedder.EclipseLogger - Using 'UTF-8' encoding to copy filtered resources.
2019-06-01 09:29:13,890 [Worker-23] INFO  o.e.m.c.i.embedder.EclipseLogger - skip non existing resourceDirectory /home/veruska/Documentos/Mestrado/TransferTimeAnalysisCG/workspace/java/MatchingGP3S/src/main/resources
2019-06-01 09:29:13,891 [Worker-23] INFO  o.e.m.c.i.embedder.EclipseLogger - Using 'UTF-8' encoding to copy filtered resources.
2019-06-01 09:29:13,891 [Worker-23] INFO  o.e.m.c.i.embedder.EclipseLogger - skip non existing resourceDirectory /home/veruska/Documentos/Mestrado/TransferTimeAnalysisCG/workspace/java/MatchingGP3S/src/test/resources
2019-06-01 09:29:20,516 [Worker-22] INFO  o.e.m.c.i.embedder.EclipseLogger - Using 'UTF-8' encoding to copy filtered resources.
2019-06-01 09:29:20,516 [Worker-22] INFO  o.e.m.c.i.embedder.EclipseLogger - skip non existing resourceDirectory /home/veruska/Documentos/Mestrado/TransferTimeAnalysisCG/workspace/java/MatchingGP3S/src/main/resources
2019-06-01 09:29:20,516 [Worker-22] INFO  o.e.m.c.i.embedder.EclipseLogger - Using 'UTF-8' encoding to copy filtered resources.
2019-06-01 09:29:20,517 [Worker-22] INFO  o.e.m.c.i.embedder.EclipseLogger - skip non existing resourceDirectory /home/veruska/Documentos/Mestrado/TransferTimeAnalysisCG/workspace/java/MatchingGP3S/src/test/resources
2019-06-01 09:32:28,636 [Worker-21] INFO  o.e.m.c.i.embedder.EclipseLogger - Using 'UTF-8' encoding to copy filtered resources.
2019-06-01 09:32:28,636 [Worker-21] INFO  o.e.m.c.i.embedder.EclipseLogger - skip non existing resourceDirectory /home/veruska/Documentos/Mestrado/TransferTimeAnalysisCG/workspace/java/MatchingGP3S/src/main/resources
2019-06-01 09:32:28,637 [Worker-21] INFO  o.e.m.c.i.embedder.EclipseLogger - Using 'UTF-8' encoding to copy filtered resources.
2019-06-01 09:32:28,637 [Worker-21] INFO  o.e.m.c.i.embedder.EclipseLogger - skip non existing resourceDirectory /home/veruska/Documentos/Mestrado/TransferTimeAnalysisCG/workspace/java/MatchingGP3S/src/test/resources
2019-06-01 09:33:22,055 [Worker-25] INFO  o.e.m.c.i.embedder.EclipseLogger - Using 'UTF-8' encoding to copy filtered resources.
2019-06-01 09:33:22,055 [Worker-25] INFO  o.e.m.c.i.embedder.EclipseLogger - skip non existing resourceDirectory /home/veruska/Documentos/Mestrado/TransferTimeAnalysisCG/workspace/java/MatchingGP3S/src/main/resources
2019-06-01 09:33:22,056 [Worker-25] INFO  o.e.m.c.i.embedder.EclipseLogger - Using 'UTF-8' encoding to copy filtered resources.
2019-06-01 09:33:22,056 [Worker-25] INFO  o.e.m.c.i.embedder.EclipseLogger - skip non existing resourceDirectory /home/veruska/Documentos/Mestrado/TransferTimeAnalysisCG/workspace/java/MatchingGP3S/src/test/resources
2019-06-01 09:33:39,567 [Worker-25] INFO  o.e.m.c.i.embedder.EclipseLogger - Using 'UTF-8' encoding to copy filtered resources.
2019-06-01 09:33:39,567 [Worker-25] INFO  o.e.m.c.i.embedder.EclipseLogger - skip non existing resourceDirectory /home/veruska/Documentos/Mestrado/TransferTimeAnalysisCG/workspace/java/MatchingGP3S/src/main/resources
2019-06-01 09:33:39,568 [Worker-25] INFO  o.e.m.c.i.embedder.EclipseLogger - Using 'UTF-8' encoding to copy filtered resources.
2019-06-01 09:33:39,568 [Worker-25] INFO  o.e.m.c.i.embedder.EclipseLogger - skip non existing resourceDirectory /home/veruska/Documentos/Mestrado/TransferTimeAnalysisCG/workspace/java/MatchingGP3S/src/test/resources
2019-06-01 09:33:44,196 [Worker-0] INFO  o.e.m.c.i.embedder.EclipseLogger - Using 'UTF-8' encoding to copy filtered resources.
2019-06-01 09:33:44,196 [Worker-0] INFO  o.e.m.c.i.embedder.EclipseLogger - skip non existing resourceDirectory /home/veruska/Documentos/Mestrado/TransferTimeAnalysisCG/workspace/java/MatchingGP3S/src/main/resources
2019-06-01 09:33:44,197 [Worker-0] INFO  o.e.m.c.i.embedder.EclipseLogger - Using 'UTF-8' encoding to copy filtered resources.
2019-06-01 09:33:44,197 [Worker-0] INFO  o.e.m.c.i.embedder.EclipseLogger - skip non existing resourceDirectory /home/veruska/Documentos/Mestrado/TransferTimeAnalysisCG/workspace/java/MatchingGP3S/src/test/resources
2019-06-01 09:35:50,439 [Worker-0] INFO  o.e.m.c.i.embedder.EclipseLogger - Using 'UTF-8' encoding to copy filtered resources.
2019-06-01 09:35:50,452 [Worker-0] INFO  o.e.m.c.i.embedder.EclipseLogger - skip non existing resourceDirectory /home/veruska/Documentos/Mestrado/TransferTimeAnalysisCG/workspace/java/MatchingGP3S/src/main/resources
2019-06-01 09:35:50,453 [Worker-0] INFO  o.e.m.c.i.embedder.EclipseLogger - Using 'UTF-8' encoding to copy filtered resources.
2019-06-01 09:35:50,453 [Worker-0] INFO  o.e.m.c.i.embedder.EclipseLogger - skip non existing resourceDirectory /home/veruska/Documentos/Mestrado/TransferTimeAnalysisCG/workspace/java/MatchingGP3S/src/test/resources
2019-06-01 09:35:54,531 [Worker-21] INFO  o.e.m.c.i.embedder.EclipseLogger - Using 'UTF-8' encoding to copy filtered resources.
2019-06-01 09:35:54,531 [Worker-21] INFO  o.e.m.c.i.embedder.EclipseLogger - skip non existing resourceDirectory /home/veruska/Documentos/Mestrado/TransferTimeAnalysisCG/workspace/java/MatchingGP3S/src/main/resources
2019-06-01 09:35:54,532 [Worker-21] INFO  o.e.m.c.i.embedder.EclipseLogger - Using 'UTF-8' encoding to copy filtered resources.
2019-06-01 09:35:54,532 [Worker-21] INFO  o.e.m.c.i.embedder.EclipseLogger - skip non existing resourceDirectory /home/veruska/Documentos/Mestrado/TransferTimeAnalysisCG/workspace/java/MatchingGP3S/src/test/resources
2019-06-01 09:35:56,496 [Worker-25] INFO  o.e.m.c.i.embedder.EclipseLogger - Using 'UTF-8' encoding to copy filtered resources.
2019-06-01 09:35:56,496 [Worker-25] INFO  o.e.m.c.i.embedder.EclipseLogger - skip non existing resourceDirectory /home/veruska/Documentos/Mestrado/TransferTimeAnalysisCG/workspace/java/MatchingGP3S/src/main/resources
2019-06-01 09:35:56,498 [Worker-25] INFO  o.e.m.c.i.embedder.EclipseLogger - Using 'UTF-8' encoding to copy filtered resources.
2019-06-01 09:35:56,498 [Worker-25] INFO  o.e.m.c.i.embedder.EclipseLogger - skip non existing resourceDirectory /home/veruska/Documentos/Mestrado/TransferTimeAnalysisCG/workspace/java/MatchingGP3S/src/test/resources
2019-06-01 09:36:00,336 [Worker-18] INFO  o.e.m.c.i.embedder.EclipseLogger - Using 'UTF-8' encoding to copy filtered resources.
2019-06-01 09:36:00,336 [Worker-18] INFO  o.e.m.c.i.embedder.EclipseLogger - skip non existing resourceDirectory /home/veruska/Documentos/Mestrado/TransferTimeAnalysisCG/workspace/java/MatchingGP3S/src/main/resources
2019-06-01 09:36:00,337 [Worker-18] INFO  o.e.m.c.i.embedder.EclipseLogger - Using 'UTF-8' encoding to copy filtered resources.
2019-06-01 09:36:00,338 [Worker-18] INFO  o.e.m.c.i.embedder.EclipseLogger - skip non existing resourceDirectory /home/veruska/Documentos/Mestrado/TransferTimeAnalysisCG/workspace/java/MatchingGP3S/src/test/resources
2019-06-01 09:37:29,288 [Worker-25] INFO  o.e.m.c.i.embedder.EclipseLogger - Using 'UTF-8' encoding to copy filtered resources.
2019-06-01 09:37:29,288 [Worker-25] INFO  o.e.m.c.i.embedder.EclipseLogger - skip non existing resourceDirectory /home/veruska/Documentos/Mestrado/TransferTimeAnalysisCG/workspace/java/MatchingGP3S/src/main/resources
2019-06-01 09:37:29,289 [Worker-25] INFO  o.e.m.c.i.embedder.EclipseLogger - Using 'UTF-8' encoding to copy filtered resources.
2019-06-01 09:37:29,290 [Worker-25] INFO  o.e.m.c.i.embedder.EclipseLogger - skip non existing resourceDirectory /home/veruska/Documentos/Mestrado/TransferTimeAnalysisCG/workspace/java/MatchingGP3S/src/test/resources
2019-06-01 09:37:38,198 [Worker-21] INFO  o.e.m.c.i.embedder.EclipseLogger - Using 'UTF-8' encoding to copy filtered resources.
2019-06-01 09:37:38,198 [Worker-21] INFO  o.e.m.c.i.embedder.EclipseLogger - skip non existing resourceDirectory /home/veruska/Documentos/Mestrado/TransferTimeAnalysisCG/workspace/java/MatchingGP3S/src/main/resources
2019-06-01 09:37:38,200 [Worker-21] INFO  o.e.m.c.i.embedder.EclipseLogger - Using 'UTF-8' encoding to copy filtered resources.
2019-06-01 09:37:38,200 [Worker-21] INFO  o.e.m.c.i.embedder.EclipseLogger - skip non existing resourceDirectory /home/veruska/Documentos/Mestrado/TransferTimeAnalysisCG/workspace/java/MatchingGP3S/src/test/resources
2019-06-01 09:37:45,249 [Worker-18] INFO  o.e.m.c.i.embedder.EclipseLogger - Using 'UTF-8' encoding to copy filtered resources.
2019-06-01 09:37:45,249 [Worker-18] INFO  o.e.m.c.i.embedder.EclipseLogger - skip non existing resourceDirectory /home/veruska/Documentos/Mestrado/TransferTimeAnalysisCG/workspace/java/MatchingGP3S/src/main/resources
2019-06-01 09:37:45,249 [Worker-18] INFO  o.e.m.c.i.embedder.EclipseLogger - Using 'UTF-8' encoding to copy filtered resources.
2019-06-01 09:37:45,250 [Worker-18] INFO  o.e.m.c.i.embedder.EclipseLogger - skip non existing resourceDirectory /home/veruska/Documentos/Mestrado/TransferTimeAnalysisCG/workspace/java/MatchingGP3S/src/test/resources
2019-06-01 09:37:47,378 [Worker-21] INFO  o.e.m.c.i.embedder.EclipseLogger - Using 'UTF-8' encoding to copy filtered resources.
2019-06-01 09:37:47,378 [Worker-21] INFO  o.e.m.c.i.embedder.EclipseLogger - skip non existing resourceDirectory /home/veruska/Documentos/Mestrado/TransferTimeAnalysisCG/workspace/java/MatchingGP3S/src/main/resources
2019-06-01 09:37:47,379 [Worker-21] INFO  o.e.m.c.i.embedder.EclipseLogger - Using 'UTF-8' encoding to copy filtered resources.
2019-06-01 09:37:47,379 [Worker-21] INFO  o.e.m.c.i.embedder.EclipseLogger - skip non existing resourceDirectory /home/veruska/Documentos/Mestrado/TransferTimeAnalysisCG/workspace/java/MatchingGP3S/src/test/resources
2019-06-01 09:37:49,613 [Worker-0] INFO  o.e.m.c.i.embedder.EclipseLogger - Using 'UTF-8' encoding to copy filtered resources.
2019-06-01 09:37:49,613 [Worker-0] INFO  o.e.m.c.i.embedder.EclipseLogger - skip non existing resourceDirectory /home/veruska/Documentos/Mestrado/TransferTimeAnalysisCG/workspace/java/MatchingGP3S/src/main/resources
2019-06-01 09:37:49,614 [Worker-0] INFO  o.e.m.c.i.embedder.EclipseLogger - Using 'UTF-8' encoding to copy filtered resources.
2019-06-01 09:37:49,614 [Worker-0] INFO  o.e.m.c.i.embedder.EclipseLogger - skip non existing resourceDirectory /home/veruska/Documentos/Mestrado/TransferTimeAnalysisCG/workspace/java/MatchingGP3S/src/test/resources
2019-06-01 09:37:52,267 [Worker-25] INFO  o.e.m.c.i.embedder.EclipseLogger - Using 'UTF-8' encoding to copy filtered resources.
2019-06-01 09:37:52,267 [Worker-25] INFO  o.e.m.c.i.embedder.EclipseLogger - skip non existing resourceDirectory /home/veruska/Documentos/Mestrado/TransferTimeAnalysisCG/workspace/java/MatchingGP3S/src/main/resources
2019-06-01 09:37:52,268 [Worker-25] INFO  o.e.m.c.i.embedder.EclipseLogger - Using 'UTF-8' encoding to copy filtered resources.
2019-06-01 09:37:52,268 [Worker-25] INFO  o.e.m.c.i.embedder.EclipseLogger - skip non existing resourceDirectory /home/veruska/Documentos/Mestrado/TransferTimeAnalysisCG/workspace/java/MatchingGP3S/src/test/resources
2019-06-01 09:39:42,002 [Worker-21] INFO  o.e.m.c.i.embedder.EclipseLogger - Using 'UTF-8' encoding to copy filtered resources.
2019-06-01 09:39:42,002 [Worker-21] INFO  o.e.m.c.i.embedder.EclipseLogger - skip non existing resourceDirectory /home/veruska/Documentos/Mestrado/TransferTimeAnalysisCG/workspace/java/MatchingGP3S/src/main/resources
2019-06-01 09:39:42,003 [Worker-21] INFO  o.e.m.c.i.embedder.EclipseLogger - Using 'UTF-8' encoding to copy filtered resources.
2019-06-01 09:39:42,004 [Worker-21] INFO  o.e.m.c.i.embedder.EclipseLogger - skip non existing resourceDirectory /home/veruska/Documentos/Mestrado/TransferTimeAnalysisCG/workspace/java/MatchingGP3S/src/test/resources
2019-06-01 09:47:03,362 [Worker-18] INFO  o.e.m.c.i.embedder.EclipseLogger - Using 'UTF-8' encoding to copy filtered resources.
2019-06-01 09:47:03,362 [Worker-18] INFO  o.e.m.c.i.embedder.EclipseLogger - skip non existing resourceDirectory /home/veruska/Documentos/Mestrado/TransferTimeAnalysisCG/workspace/java/MatchingGP3S/src/main/resources
2019-06-01 09:47:03,363 [Worker-18] INFO  o.e.m.c.i.embedder.EclipseLogger - Using 'UTF-8' encoding to copy filtered resources.
2019-06-01 09:47:03,363 [Worker-18] INFO  o.e.m.c.i.embedder.EclipseLogger - skip non existing resourceDirectory /home/veruska/Documentos/Mestrado/TransferTimeAnalysisCG/workspace/java/MatchingGP3S/src/test/resources
2019-06-01 09:47:07,780 [Worker-0] INFO  o.e.m.c.i.embedder.EclipseLogger - Using 'UTF-8' encoding to copy filtered resources.
2019-06-01 09:47:07,780 [Worker-0] INFO  o.e.m.c.i.embedder.EclipseLogger - skip non existing resourceDirectory /home/veruska/Documentos/Mestrado/TransferTimeAnalysisCG/workspace/java/MatchingGP3S/src/main/resources
2019-06-01 09:47:07,781 [Worker-0] INFO  o.e.m.c.i.embedder.EclipseLogger - Using 'UTF-8' encoding to copy filtered resources.
2019-06-01 09:47:07,782 [Worker-0] INFO  o.e.m.c.i.embedder.EclipseLogger - skip non existing resourceDirectory /home/veruska/Documentos/Mestrado/TransferTimeAnalysisCG/workspace/java/MatchingGP3S/src/test/resources
2019-06-01 09:47:09,581 [Worker-21] INFO  o.e.m.c.i.embedder.EclipseLogger - Using 'UTF-8' encoding to copy filtered resources.
2019-06-01 09:47:09,581 [Worker-21] INFO  o.e.m.c.i.embedder.EclipseLogger - skip non existing resourceDirectory /home/veruska/Documentos/Mestrado/TransferTimeAnalysisCG/workspace/java/MatchingGP3S/src/main/resources
2019-06-01 09:47:09,582 [Worker-21] INFO  o.e.m.c.i.embedder.EclipseLogger - Using 'UTF-8' encoding to copy filtered resources.
2019-06-01 09:47:09,582 [Worker-21] INFO  o.e.m.c.i.embedder.EclipseLogger - skip non existing resourceDirectory /home/veruska/Documentos/Mestrado/TransferTimeAnalysisCG/workspace/java/MatchingGP3S/src/test/resources
2019-06-01 09:50:51,984 [Worker-18] INFO  o.e.m.c.i.embedder.EclipseLogger - Using 'UTF-8' encoding to copy filtered resources.
2019-06-01 09:50:52,004 [Worker-18] INFO  o.e.m.c.i.embedder.EclipseLogger - skip non existing resourceDirectory /home/veruska/Documentos/Mestrado/TransferTimeAnalysisCG/workspace/java/MatchingGP3S/src/main/resources
2019-06-01 09:50:52,007 [Worker-18] INFO  o.e.m.c.i.embedder.EclipseLogger - Using 'UTF-8' encoding to copy filtered resources.
2019-06-01 09:50:52,007 [Worker-18] INFO  o.e.m.c.i.embedder.EclipseLogger - skip non existing resourceDirectory /home/veruska/Documentos/Mestrado/TransferTimeAnalysisCG/workspace/java/MatchingGP3S/src/test/resources
2019-06-01 09:53:12,071 [Worker-21] INFO  o.e.m.c.i.embedder.EclipseLogger - Using 'UTF-8' encoding to copy filtered resources.
2019-06-01 09:53:12,072 [Worker-21] INFO  o.e.m.c.i.embedder.EclipseLogger - skip non existing resourceDirectory /home/veruska/Documentos/Mestrado/TransferTimeAnalysisCG/workspace/java/MatchingGP3S/src/main/resources
2019-06-01 09:53:12,073 [Worker-21] INFO  o.e.m.c.i.embedder.EclipseLogger - Using 'UTF-8' encoding to copy filtered resources.
2019-06-01 09:53:12,073 [Worker-21] INFO  o.e.m.c.i.embedder.EclipseLogger - skip non existing resourceDirectory /home/veruska/Documentos/Mestrado/TransferTimeAnalysisCG/workspace/java/MatchingGP3S/src/test/resources
2019-06-01 09:53:29,012 [Worker-21] INFO  o.e.m.c.i.embedder.EclipseLogger - Using 'UTF-8' encoding to copy filtered resources.
2019-06-01 09:53:29,012 [Worker-21] INFO  o.e.m.c.i.embedder.EclipseLogger - skip non existing resourceDirectory /home/veruska/Documentos/Mestrado/TransferTimeAnalysisCG/workspace/java/MatchingGP3S/src/main/resources
2019-06-01 09:53:29,013 [Worker-21] INFO  o.e.m.c.i.embedder.EclipseLogger - Using 'UTF-8' encoding to copy filtered resources.
2019-06-01 09:53:29,013 [Worker-21] INFO  o.e.m.c.i.embedder.EclipseLogger - skip non existing resourceDirectory /home/veruska/Documentos/Mestrado/TransferTimeAnalysisCG/workspace/java/MatchingGP3S/src/test/resources
